{"adminUsername":"admin","environment":"development","level":"info","logLevel":"info","message":"PKSyllabus server started successfully","port":3000,"service":"pksyllabus","timestamp":"2025-08-07T12:22:17.612Z"}
{"adminUsername":"admin","environment":"development","level":"info","logLevel":"info","message":"PKSyllabus server started successfully","port":3010,"service":"pksyllabus","timestamp":"2025-08-07T12:23:23.992Z"}
{"adminUsername":"admin","environment":"development","level":"info","logLevel":"info","message":"PKSyllabus server started successfully","port":3010,"service":"pksyllabus","timestamp":"2025-08-07T12:27:09.374Z"}
{"ip":"::1","level":"info","message":"Fetching syllabus data","service":"pksyllabus","timestamp":"2025-08-07T12:27:12.955Z","userAgent":"Mozilla/5.0 (Macintosh; Intel Mac OS X 10_15_7) AppleWebKit/605.1.15 (KHTML, like Gecko) Version/18.5 Safari/605.1.15"}
{"belts":9,"level":"info","message":"Syllabus data retrieved successfully","service":"pksyllabus","timestamp":"2025-08-07T12:27:12.957Z"}
{"adminUsername":"admin","environment":"development","level":"info","logLevel":"info","message":"PKSyllabus server started successfully","port":3010,"service":"pksyllabus","timestamp":"2025-08-07T12:41:37.459Z"}
{"ip":"::1","level":"info","message":"Fetching syllabus data","service":"pksyllabus","timestamp":"2025-08-07T12:41:40.916Z","userAgent":"Mozilla/5.0 (Macintosh; Intel Mac OS X 10_15_7) AppleWebKit/605.1.15 (KHTML, like Gecko) Version/18.5 Safari/605.1.15"}
{"ip":"::1","level":"info","message":"Fetching syllabus data","service":"pksyllabus","timestamp":"2025-08-07T12:41:40.917Z","userAgent":"Mozilla/5.0 (Macintosh; Intel Mac OS X 10_15_7) AppleWebKit/605.1.15 (KHTML, like Gecko) Version/18.5 Safari/605.1.15"}
{"belts":9,"level":"info","message":"Syllabus data retrieved successfully","service":"pksyllabus","timestamp":"2025-08-07T12:41:40.918Z"}
{"belts":9,"level":"info","message":"Syllabus data retrieved successfully","service":"pksyllabus","timestamp":"2025-08-07T12:41:40.920Z"}
{"ip":"::1","level":"info","message":"Fetching syllabus data","service":"pksyllabus","timestamp":"2025-08-07T12:45:24.724Z","userAgent":"Mozilla/5.0 (Macintosh; Intel Mac OS X 10_15_7) AppleWebKit/605.1.15 (KHTML, like Gecko) Version/18.5 Safari/605.1.15"}
{"ip":"::1","level":"info","message":"Fetching syllabus data","service":"pksyllabus","timestamp":"2025-08-07T12:45:24.725Z","userAgent":"Mozilla/5.0 (Macintosh; Intel Mac OS X 10_15_7) AppleWebKit/605.1.15 (KHTML, like Gecko) Version/18.5 Safari/605.1.15"}
{"belts":9,"level":"info","message":"Syllabus data retrieved successfully","service":"pksyllabus","timestamp":"2025-08-07T12:45:24.725Z"}
{"belts":9,"level":"info","message":"Syllabus data retrieved successfully","service":"pksyllabus","timestamp":"2025-08-07T12:45:24.726Z"}
{"adminUsername":"admin","environment":"development","level":"info","logLevel":"info","message":"PKSyllabus server started successfully","port":3010,"service":"pksyllabus","timestamp":"2025-08-07T12:45:46.979Z"}
{"ip":"::1","level":"info","message":"Fetching syllabus data","service":"pksyllabus","timestamp":"2025-08-07T12:45:49.910Z","userAgent":"Mozilla/5.0 (Macintosh; Intel Mac OS X 10_15_7) AppleWebKit/605.1.15 (KHTML, like Gecko) Version/18.5 Safari/605.1.15"}
{"ip":"::1","level":"info","message":"Fetching syllabus data","service":"pksyllabus","timestamp":"2025-08-07T12:45:49.910Z","userAgent":"Mozilla/5.0 (Macintosh; Intel Mac OS X 10_15_7) AppleWebKit/605.1.15 (KHTML, like Gecko) Version/18.5 Safari/605.1.15"}
{"belts":9,"level":"info","message":"Syllabus data retrieved successfully","service":"pksyllabus","timestamp":"2025-08-07T12:45:49.911Z"}
{"belts":9,"level":"info","message":"Syllabus data retrieved successfully","service":"pksyllabus","timestamp":"2025-08-07T12:45:49.914Z"}
{"adminUsername":"admin","environment":"development","level":"info","logLevel":"info","message":"PKSyllabus server started successfully","port":3010,"service":"pksyllabus","timestamp":"2025-08-07T12:48:27.239Z"}
{"ip":"::1","level":"info","message":"Fetching syllabus data","service":"pksyllabus","timestamp":"2025-08-07T12:49:18.238Z","userAgent":"Mozilla/5.0 (Macintosh; Intel Mac OS X 10_15_7) AppleWebKit/537.36 (KHTML, like Gecko) Chrome/133.0.0.0 Safari/537.36"}
{"belts":9,"level":"info","message":"Syllabus data retrieved successfully","service":"pksyllabus","timestamp":"2025-08-07T12:49:18.239Z"}
{"ip":"::1","level":"info","message":"Fetching syllabus data","service":"pksyllabus","timestamp":"2025-08-07T12:50:41.864Z","userAgent":"Mozilla/5.0 (Macintosh; Intel Mac OS X 10_15_7) AppleWebKit/537.36 (KHTML, like Gecko) Chrome/133.0.0.0 Safari/537.36"}
{"belts":9,"level":"info","message":"Syllabus data retrieved successfully","service":"pksyllabus","timestamp":"2025-08-07T12:50:41.866Z"}
{"ip":"::1","level":"info","message":"Fetching syllabus data","service":"pksyllabus","timestamp":"2025-08-07T12:50:53.269Z","userAgent":"Mozilla/5.0 (Macintosh; Intel Mac OS X 10_15_7) AppleWebKit/537.36 (KHTML, like Gecko) Chrome/133.0.0.0 Safari/537.36"}
{"belts":9,"level":"info","message":"Syllabus data retrieved successfully","service":"pksyllabus","timestamp":"2025-08-07T12:50:53.270Z"}
{"adminUsername":"admin","environment":"development","level":"info","logLevel":"info","message":"PKSyllabus server started successfully","port":3010,"service":"pksyllabus","timestamp":"2025-08-07T12:52:33.545Z"}
{"ip":"::1","level":"info","message":"Fetching syllabus data","service":"pksyllabus","timestamp":"2025-08-07T12:52:55.759Z","userAgent":"Mozilla/5.0 (Macintosh; Intel Mac OS X 10_15_7) AppleWebKit/537.36 (KHTML, like Gecko) Chrome/133.0.0.0 Safari/537.36"}
{"belts":9,"level":"info","message":"Syllabus data retrieved successfully","service":"pksyllabus","timestamp":"2025-08-07T12:52:55.761Z"}
{"ip":"::1","level":"info","message":"Fetching syllabus data","service":"pksyllabus","timestamp":"2025-08-07T13:07:14.997Z","userAgent":"Mozilla/5.0 (Macintosh; Intel Mac OS X 10_15_7) AppleWebKit/537.36 (KHTML, like Gecko) Chrome/133.0.0.0 Safari/537.36"}
{"belts":9,"level":"info","message":"Syllabus data retrieved successfully","service":"pksyllabus","timestamp":"2025-08-07T13:07:14.997Z"}
{"ip":"::1","level":"info","message":"Fetching syllabus data","service":"pksyllabus","timestamp":"2025-08-07T13:07:29.509Z","userAgent":"Mozilla/5.0 (Macintosh; Intel Mac OS X 10_15_7) AppleWebKit/537.36 (KHTML, like Gecko) Chrome/133.0.0.0 Safari/537.36"}
{"belts":9,"level":"info","message":"Syllabus data retrieved successfully","service":"pksyllabus","timestamp":"2025-08-07T13:07:29.510Z"}
{"ip":"::1","level":"info","message":"Fetching syllabus data","service":"pksyllabus","timestamp":"2025-08-07T13:07:42.566Z","userAgent":"Mozilla/5.0 (Macintosh; Intel Mac OS X 10_15_7) AppleWebKit/537.36 (KHTML, like Gecko) Chrome/133.0.0.0 Safari/537.36"}
{"belts":9,"level":"info","message":"Syllabus data retrieved successfully","service":"pksyllabus","timestamp":"2025-08-07T13:07:42.567Z"}
{"ip":"::1","level":"info","message":"Fetching syllabus data","service":"pksyllabus","timestamp":"2025-08-07T13:07:48.080Z","userAgent":"Mozilla/5.0 (Macintosh; Intel Mac OS X 10_15_7) AppleWebKit/537.36 (KHTML, like Gecko) Chrome/133.0.0.0 Safari/537.36"}
{"belts":9,"level":"info","message":"Syllabus data retrieved successfully","service":"pksyllabus","timestamp":"2025-08-07T13:07:48.080Z"}
{"ip":"::1","level":"info","message":"Fetching syllabus data","service":"pksyllabus","timestamp":"2025-08-07T13:08:21.240Z","userAgent":"Mozilla/5.0 (Macintosh; Intel Mac OS X 10_15_7) AppleWebKit/605.1.15 (KHTML, like Gecko) Version/18.5 Safari/605.1.15"}
{"ip":"::1","level":"info","message":"Fetching syllabus data","service":"pksyllabus","timestamp":"2025-08-07T13:08:21.240Z","userAgent":"Mozilla/5.0 (Macintosh; Intel Mac OS X 10_15_7) AppleWebKit/605.1.15 (KHTML, like Gecko) Version/18.5 Safari/605.1.15"}
{"belts":9,"level":"info","message":"Syllabus data retrieved successfully","service":"pksyllabus","timestamp":"2025-08-07T13:08:21.240Z"}
{"belts":9,"level":"info","message":"Syllabus data retrieved successfully","service":"pksyllabus","timestamp":"2025-08-07T13:08:21.241Z"}
{"ip":"::1","level":"info","message":"Fetching syllabus data","service":"pksyllabus","timestamp":"2025-08-07T13:10:27.708Z","userAgent":"Mozilla/5.0 (Macintosh; Intel Mac OS X 10_15_7) AppleWebKit/605.1.15 (KHTML, like Gecko) Version/18.5 Safari/605.1.15"}
{"ip":"::1","level":"info","message":"Fetching syllabus data","service":"pksyllabus","timestamp":"2025-08-07T13:10:27.708Z","userAgent":"Mozilla/5.0 (Macintosh; Intel Mac OS X 10_15_7) AppleWebKit/605.1.15 (KHTML, like Gecko) Version/18.5 Safari/605.1.15"}
{"belts":9,"level":"info","message":"Syllabus data retrieved successfully","service":"pksyllabus","timestamp":"2025-08-07T13:10:27.709Z"}
{"belts":9,"level":"info","message":"Syllabus data retrieved successfully","service":"pksyllabus","timestamp":"2025-08-07T13:10:27.709Z"}
{"adminUsername":"admin","environment":"development","level":"info","logLevel":"info","message":"PKSyllabus server started successfully","port":3010,"service":"pksyllabus","timestamp":"2025-08-08T09:55:46.987Z"}
{"adminUsername":"admin","environment":"development","level":"info","logLevel":"info","message":"PKSyllabus server started successfully","port":3010,"service":"pksyllabus","timestamp":"2025-08-08T09:57:04.270Z"}
{"ip":"::1","level":"info","message":"Fetching syllabus data","service":"pksyllabus","timestamp":"2025-08-08T09:57:20.662Z","userAgent":"Mozilla/5.0 (Macintosh; Intel Mac OS X 10_15_7) AppleWebKit/605.1.15 (KHTML, like Gecko) Version/18.5 Safari/605.1.15"}
{"belts":9,"level":"info","message":"Syllabus data retrieved successfully","service":"pksyllabus","timestamp":"2025-08-08T09:57:20.663Z"}
{"ip":"::1","level":"info","message":"Fetching syllabus data","service":"pksyllabus","timestamp":"2025-08-08T12:42:41.498Z","userAgent":"Mozilla/5.0 (Macintosh; Intel Mac OS X 10_15_7) AppleWebKit/605.1.15 (KHTML, like Gecko) Version/18.5 Safari/605.1.15"}
{"belts":9,"level":"info","message":"Syllabus data retrieved successfully","service":"pksyllabus","timestamp":"2025-08-08T12:42:41.499Z"}
{"adminUsername":"admin","environment":"development","level":"info","logLevel":"info","message":"PKSyllabus server started successfully","port":3010,"service":"pksyllabus","timestamp":"2025-08-08T12:42:59.887Z"}
{"ip":"::1","level":"info","message":"Fetching syllabus data","service":"pksyllabus","timestamp":"2025-08-08T12:43:10.964Z","userAgent":"Mozilla/5.0 (Macintosh; Intel Mac OS X 10_15_7) AppleWebKit/605.1.15 (KHTML, like Gecko) Version/18.5 Safari/605.1.15"}
{"belts":9,"level":"info","message":"Syllabus data retrieved successfully","service":"pksyllabus","timestamp":"2025-08-08T12:43:10.966Z"}
{"ip":"::1","level":"info","message":"Fetching syllabus data","service":"pksyllabus","timestamp":"2025-08-08T12:49:24.548Z","userAgent":"Mozilla/5.0 (Macintosh; Intel Mac OS X 10_15_7) AppleWebKit/605.1.15 (KHTML, like Gecko) Version/18.5 Safari/605.1.15"}
{"belts":9,"level":"info","message":"Syllabus data retrieved successfully","service":"pksyllabus","timestamp":"2025-08-08T12:49:24.549Z"}
{"ip":"::1","level":"info","message":"Fetching syllabus data","service":"pksyllabus","timestamp":"2025-08-08T12:54:30.075Z","userAgent":"Mozilla/5.0 (Macintosh; Intel Mac OS X 10_15_7) AppleWebKit/605.1.15 (KHTML, like Gecko) Version/18.5 Safari/605.1.15"}
{"belts":9,"level":"info","message":"Syllabus data retrieved successfully","service":"pksyllabus","timestamp":"2025-08-08T12:54:30.076Z"}
{"ip":"::1","level":"info","message":"Fetching syllabus data","service":"pksyllabus","timestamp":"2025-08-08T12:58:02.359Z","userAgent":"Mozilla/5.0 (Macintosh; Intel Mac OS X 10_15_7) AppleWebKit/605.1.15 (KHTML, like Gecko) Version/18.5 Safari/605.1.15"}
{"belts":9,"level":"info","message":"Syllabus data retrieved successfully","service":"pksyllabus","timestamp":"2025-08-08T12:58:02.361Z"}
{"ip":"::1","level":"info","message":"Fetching syllabus data","service":"pksyllabus","timestamp":"2025-08-08T12:59:18.354Z","userAgent":"Mozilla/5.0 (Macintosh; Intel Mac OS X 10_15_7) AppleWebKit/605.1.15 (KHTML, like Gecko) Version/18.5 Safari/605.1.15"}
{"belts":9,"level":"info","message":"Syllabus data retrieved successfully","service":"pksyllabus","timestamp":"2025-08-08T12:59:18.355Z"}
{"ip":"::1","level":"info","message":"Fetching syllabus data","service":"pksyllabus","timestamp":"2025-08-08T13:15:18.674Z","userAgent":"Mozilla/5.0 (Macintosh; Intel Mac OS X 10_15_7) AppleWebKit/605.1.15 (KHTML, like Gecko) Version/18.5 Safari/605.1.15"}
{"belts":9,"level":"info","message":"Syllabus data retrieved successfully","service":"pksyllabus","timestamp":"2025-08-08T13:15:18.675Z"}
{"ip":"::1","level":"info","message":"Fetching syllabus data","service":"pksyllabus","timestamp":"2025-08-08T13:16:19.653Z","userAgent":"Mozilla/5.0 (Macintosh; Intel Mac OS X 10_15_7) AppleWebKit/605.1.15 (KHTML, like Gecko) Version/18.5 Safari/605.1.15"}
{"belts":9,"level":"info","message":"Syllabus data retrieved successfully","service":"pksyllabus","timestamp":"2025-08-08T13:16:19.654Z"}
{"adminUsername":"admin","environment":"development","level":"info","logLevel":"info","message":"PKSyllabus server started successfully","port":3010,"service":"pksyllabus","timestamp":"2025-08-08T13:24:37.655Z"}
{"ip":"::1","level":"info","message":"Fetching syllabus data","service":"pksyllabus","timestamp":"2025-08-08T13:25:02.094Z","userAgent":"Mozilla/5.0 (Macintosh; Intel Mac OS X 10_15_7) AppleWebKit/605.1.15 (KHTML, like Gecko) Version/18.5 Safari/605.1.15"}
{"belts":9,"level":"info","message":"Syllabus data retrieved successfully","service":"pksyllabus","timestamp":"2025-08-08T13:25:02.096Z","withIsCurrentFlag":true}
{"ip":"::1","level":"info","message":"Fetching syllabus data","service":"pksyllabus","timestamp":"2025-08-08T13:31:38.234Z","userAgent":"Mozilla/5.0 (Macintosh; Intel Mac OS X 10_15_7) AppleWebKit/605.1.15 (KHTML, like Gecko) Version/18.5 Safari/605.1.15"}
{"ip":"::1","level":"info","message":"Fetching syllabus data","service":"pksyllabus","timestamp":"2025-08-08T13:31:38.234Z","userAgent":"Mozilla/5.0 (Macintosh; Intel Mac OS X 10_15_7) AppleWebKit/605.1.15 (KHTML, like Gecko) Version/18.5 Safari/605.1.15"}
{"belts":9,"level":"info","message":"Syllabus data retrieved successfully","service":"pksyllabus","timestamp":"2025-08-08T13:31:38.235Z","withIsCurrentFlag":true}
{"belts":9,"level":"info","message":"Syllabus data retrieved successfully","service":"pksyllabus","timestamp":"2025-08-08T13:31:38.236Z","withIsCurrentFlag":true}
{"ip":"::1","level":"info","message":"Fetching syllabus data","service":"pksyllabus","timestamp":"2025-08-08T13:36:47.523Z","userAgent":"Mozilla/5.0 (Macintosh; Intel Mac OS X 10_15_7) AppleWebKit/605.1.15 (KHTML, like Gecko) Version/18.5 Safari/605.1.15"}
{"belts":9,"level":"info","message":"Syllabus data retrieved successfully","service":"pksyllabus","timestamp":"2025-08-08T13:36:47.524Z","withIsCurrentFlag":true}
{"ip":"::1","level":"info","message":"Fetching syllabus data","service":"pksyllabus","timestamp":"2025-08-08T13:40:58.258Z","userAgent":"Mozilla/5.0 (Macintosh; Intel Mac OS X 10_15_7) AppleWebKit/605.1.15 (KHTML, like Gecko) Version/18.5 Safari/605.1.15"}
{"ip":"::1","level":"info","message":"Fetching syllabus data","service":"pksyllabus","timestamp":"2025-08-08T13:40:58.259Z","userAgent":"Mozilla/5.0 (Macintosh; Intel Mac OS X 10_15_7) AppleWebKit/605.1.15 (KHTML, like Gecko) Version/18.5 Safari/605.1.15"}
{"belts":9,"level":"info","message":"Syllabus data retrieved successfully","service":"pksyllabus","timestamp":"2025-08-08T13:40:58.259Z","withIsCurrentFlag":true}
{"belts":9,"level":"info","message":"Syllabus data retrieved successfully","service":"pksyllabus","timestamp":"2025-08-08T13:40:58.260Z","withIsCurrentFlag":true}
{"ip":"::1","level":"info","message":"Fetching syllabus data","service":"pksyllabus","timestamp":"2025-08-08T13:41:56.235Z","userAgent":"Mozilla/5.0 (Macintosh; Intel Mac OS X 10_15_7) AppleWebKit/605.1.15 (KHTML, like Gecko) Version/18.5 Safari/605.1.15"}
{"ip":"::1","level":"info","message":"Fetching syllabus data","service":"pksyllabus","timestamp":"2025-08-08T13:41:56.235Z","userAgent":"Mozilla/5.0 (Macintosh; Intel Mac OS X 10_15_7) AppleWebKit/605.1.15 (KHTML, like Gecko) Version/18.5 Safari/605.1.15"}
{"belts":9,"level":"info","message":"Syllabus data retrieved successfully","service":"pksyllabus","timestamp":"2025-08-08T13:41:56.236Z","withIsCurrentFlag":true}
{"belts":9,"level":"info","message":"Syllabus data retrieved successfully","service":"pksyllabus","timestamp":"2025-08-08T13:41:56.236Z","withIsCurrentFlag":true}
{"ip":"::1","level":"info","message":"Fetching syllabus data","service":"pksyllabus","timestamp":"2025-08-08T13:47:30.293Z","userAgent":"Mozilla/5.0 (Macintosh; Intel Mac OS X 10_15_7) AppleWebKit/605.1.15 (KHTML, like Gecko) Version/18.5 Safari/605.1.15"}
{"ip":"::1","level":"info","message":"Fetching syllabus data","service":"pksyllabus","timestamp":"2025-08-08T13:47:30.293Z","userAgent":"Mozilla/5.0 (Macintosh; Intel Mac OS X 10_15_7) AppleWebKit/605.1.15 (KHTML, like Gecko) Version/18.5 Safari/605.1.15"}
{"belts":9,"level":"info","message":"Syllabus data retrieved successfully","service":"pksyllabus","timestamp":"2025-08-08T13:47:30.294Z","withIsCurrentFlag":true}
{"belts":9,"level":"info","message":"Syllabus data retrieved successfully","service":"pksyllabus","timestamp":"2025-08-08T13:47:30.294Z","withIsCurrentFlag":true}
{"ip":"::1","level":"info","message":"Fetching syllabus data","service":"pksyllabus","timestamp":"2025-08-08T13:48:04.058Z","userAgent":"Mozilla/5.0 (Macintosh; Intel Mac OS X 10_15_7) AppleWebKit/605.1.15 (KHTML, like Gecko) Version/18.5 Safari/605.1.15"}
{"ip":"::1","level":"info","message":"Fetching syllabus data","service":"pksyllabus","timestamp":"2025-08-08T13:48:04.059Z","userAgent":"Mozilla/5.0 (Macintosh; Intel Mac OS X 10_15_7) AppleWebKit/605.1.15 (KHTML, like Gecko) Version/18.5 Safari/605.1.15"}
{"belts":9,"level":"info","message":"Syllabus data retrieved successfully","service":"pksyllabus","timestamp":"2025-08-08T13:48:04.059Z","withIsCurrentFlag":true}
{"belts":9,"level":"info","message":"Syllabus data retrieved successfully","service":"pksyllabus","timestamp":"2025-08-08T13:48:04.060Z","withIsCurrentFlag":true}
{"adminUsername":"admin","environment":"development","level":"info","logLevel":"info","message":"PKSyllabus server started successfully","port":3010,"service":"pksyllabus","timestamp":"2025-08-08T13:49:52.644Z"}
{"ip":"::1","level":"info","message":"Fetching syllabus data","service":"pksyllabus","timestamp":"2025-08-08T13:50:01.695Z","userAgent":"Mozilla/5.0 (Macintosh; Intel Mac OS X 10_15_7) AppleWebKit/605.1.15 (KHTML, like Gecko) Version/18.5 Safari/605.1.15"}
{"ip":"::1","level":"info","message":"Fetching syllabus data","service":"pksyllabus","timestamp":"2025-08-08T13:50:01.696Z","userAgent":"Mozilla/5.0 (Macintosh; Intel Mac OS X 10_15_7) AppleWebKit/605.1.15 (KHTML, like Gecko) Version/18.5 Safari/605.1.15"}
{"belts":9,"level":"info","message":"Syllabus data retrieved successfully","service":"pksyllabus","timestamp":"2025-08-08T13:50:01.697Z","withIsCurrentFlag":true}
{"belts":9,"level":"info","message":"Syllabus data retrieved successfully","service":"pksyllabus","timestamp":"2025-08-08T13:50:01.700Z","withIsCurrentFlag":true}
{"ip":"::1","level":"info","message":"Fetching syllabus data","service":"pksyllabus","timestamp":"2025-08-08T13:53:06.285Z","userAgent":"Mozilla/5.0 (Macintosh; Intel Mac OS X 10_15_7) AppleWebKit/605.1.15 (KHTML, like Gecko) Version/18.5 Safari/605.1.15"}
{"ip":"::1","level":"info","message":"Fetching syllabus data","service":"pksyllabus","timestamp":"2025-08-08T13:53:06.286Z","userAgent":"Mozilla/5.0 (Macintosh; Intel Mac OS X 10_15_7) AppleWebKit/605.1.15 (KHTML, like Gecko) Version/18.5 Safari/605.1.15"}
{"belts":9,"level":"info","message":"Syllabus data retrieved successfully","service":"pksyllabus","timestamp":"2025-08-08T13:53:06.287Z","withIsCurrentFlag":true}
{"belts":9,"level":"info","message":"Syllabus data retrieved successfully","service":"pksyllabus","timestamp":"2025-08-08T13:53:06.289Z","withIsCurrentFlag":true}
{"ip":"::1","level":"info","message":"Fetching syllabus data","service":"pksyllabus","timestamp":"2025-08-08T13:55:51.201Z","userAgent":"Mozilla/5.0 (Macintosh; Intel Mac OS X 10_15_7) AppleWebKit/605.1.15 (KHTML, like Gecko) Version/18.5 Safari/605.1.15"}
{"belts":9,"level":"info","message":"Syllabus data retrieved successfully","service":"pksyllabus","timestamp":"2025-08-08T13:55:51.202Z","withIsCurrentFlag":true}
{"ip":"::1","level":"info","message":"Fetching syllabus data","service":"pksyllabus","timestamp":"2025-08-08T13:56:29.050Z","userAgent":"Mozilla/5.0 (Macintosh; Intel Mac OS X 10_15_7) AppleWebKit/605.1.15 (KHTML, like Gecko) Version/18.5 Safari/605.1.15"}
{"ip":"::1","level":"info","message":"Fetching syllabus data","service":"pksyllabus","timestamp":"2025-08-08T13:56:29.050Z","userAgent":"Mozilla/5.0 (Macintosh; Intel Mac OS X 10_15_7) AppleWebKit/605.1.15 (KHTML, like Gecko) Version/18.5 Safari/605.1.15"}
{"belts":9,"level":"info","message":"Syllabus data retrieved successfully","service":"pksyllabus","timestamp":"2025-08-08T13:56:29.051Z","withIsCurrentFlag":true}
{"belts":9,"level":"info","message":"Syllabus data retrieved successfully","service":"pksyllabus","timestamp":"2025-08-08T13:56:29.052Z","withIsCurrentFlag":true}
